This is pdfTeX, Version 3.14159265-2.6-1.40.19 (MiKTeX 2.9.6880 64-bit) (preloaded format=pdflatex 2018.12.28)  28 OCT 2020 13:14
entering extended mode
**./phys708lab2.tex
(phys708lab2.tex
LaTeX2e <2018-12-01>

("C:\Users\jason_8d4xpi7\AppData\Local\Programs\MiKTeX 2.9\tex\latex\base\artic
le.cls"
Document Class: article 2018/09/03 v1.4i Standard LaTeX document class

("C:\Users\jason_8d4xpi7\AppData\Local\Programs\MiKTeX 2.9\tex\latex\base\size1
2.clo"
File: size12.clo 2018/09/03 v1.4i Standard LaTeX file (size option)
)
\c@part=\count80
\c@section=\count81
\c@subsection=\count82
\c@subsubsection=\count83
\c@paragraph=\count84
\c@subparagraph=\count85
\c@figure=\count86
\c@table=\count87
\abovecaptionskip=\skip41
\belowcaptionskip=\skip42
\bibindent=\dimen102
)
("C:\Users\jason_8d4xpi7\AppData\Local\Programs\MiKTeX 2.9\tex\latex\preprint\f
ullpage.sty"
Package: fullpage 1999/02/23 1.1 (PWD)
\FP@margin=\skip43
)
("C:\Users\jason_8d4xpi7\AppData\Local\Programs\MiKTeX 2.9\tex\latex\amsmath\am
smath.sty"
Package: amsmath 2018/12/01 v2.17b AMS math features
\@mathmargin=\skip44

For additional information on amsmath, use the `?' option.

("C:\Users\jason_8d4xpi7\AppData\Local\Programs\MiKTeX 2.9\tex\latex\amsmath\am
stext.sty"
Package: amstext 2000/06/29 v2.01 AMS text

("C:\Users\jason_8d4xpi7\AppData\Local\Programs\MiKTeX 2.9\tex\latex\amsmath\am
sgen.sty"
File: amsgen.sty 1999/11/30 v2.0 generic functions
\@emptytoks=\toks14
\ex@=\dimen103
))
("C:\Users\jason_8d4xpi7\AppData\Local\Programs\MiKTeX 2.9\tex\latex\amsmath\am
sbsy.sty"
Package: amsbsy 1999/11/29 v1.2d Bold Symbols
\pmbraise@=\dimen104
)
("C:\Users\jason_8d4xpi7\AppData\Local\Programs\MiKTeX 2.9\tex\latex\amsmath\am
sopn.sty"
Package: amsopn 2016/03/08 v2.02 operator names
)
\inf@bad=\count88
LaTeX Info: Redefining \frac on input line 223.
\uproot@=\count89
\leftroot@=\count90
LaTeX Info: Redefining \overline on input line 385.
\classnum@=\count91
\DOTSCASE@=\count92
LaTeX Info: Redefining \ldots on input line 482.
LaTeX Info: Redefining \dots on input line 485.
LaTeX Info: Redefining \cdots on input line 606.
\Mathstrutbox@=\box27
\strutbox@=\box28
\big@size=\dimen105
LaTeX Font Info:    Redeclaring font encoding OML on input line 729.
LaTeX Font Info:    Redeclaring font encoding OMS on input line 730.
\macc@depth=\count93
\c@MaxMatrixCols=\count94
\dotsspace@=\muskip10
\c@parentequation=\count95
\dspbrk@lvl=\count96
\tag@help=\toks15
\row@=\count97
\column@=\count98
\maxfields@=\count99
\andhelp@=\toks16
\eqnshift@=\dimen106
\alignsep@=\dimen107
\tagshift@=\dimen108
\tagwidth@=\dimen109
\totwidth@=\dimen110
\lineht@=\dimen111
\@envbody=\toks17
\multlinegap=\skip45
\multlinetaggap=\skip46
\mathdisplay@stack=\toks18
LaTeX Info: Redefining \[ on input line 2844.
LaTeX Info: Redefining \] on input line 2845.
)
("C:\Users\jason_8d4xpi7\AppData\Local\Programs\MiKTeX 2.9\tex\latex\amscls\ams
thm.sty"
Package: amsthm 2017/10/31 v2.20.4
\thm@style=\toks19
\thm@bodyfont=\toks20
\thm@headfont=\toks21
\thm@notefont=\toks22
\thm@headpunct=\toks23
\thm@preskip=\skip47
\thm@postskip=\skip48
\thm@headsep=\skip49
\dth@everypar=\toks24
)
("C:\Users\jason_8d4xpi7\AppData\Local\Programs\MiKTeX 2.9\tex\latex\amsfonts\a
mssymb.sty"
Package: amssymb 2013/01/14 v3.01 AMS font symbols

("C:\Users\jason_8d4xpi7\AppData\Local\Programs\MiKTeX 2.9\tex\latex\amsfonts\a
msfonts.sty"
Package: amsfonts 2013/01/14 v3.01 Basic AMSFonts support
\symAMSa=\mathgroup4
\symAMSb=\mathgroup5
LaTeX Font Info:    Overwriting math alphabet `\mathfrak' in version `bold'
(Font)                  U/euf/m/n --> U/euf/b/n on input line 106.
))
("C:\Users\jason_8d4xpi7\AppData\Local\Programs\MiKTeX 2.9\tex\latex\graphics\g
raphicx.sty"
Package: graphicx 2017/06/01 v1.1a Enhanced LaTeX Graphics (DPC,SPQR)

("C:\Users\jason_8d4xpi7\AppData\Local\Programs\MiKTeX 2.9\tex\latex\graphics\k
eyval.sty"
Package: keyval 2014/10/28 v1.15 key=value parser (DPC)
\KV@toks@=\toks25
)
("C:\Users\jason_8d4xpi7\AppData\Local\Programs\MiKTeX 2.9\tex\latex\graphics\g
raphics.sty"
Package: graphics 2017/06/25 v1.2c Standard LaTeX Graphics (DPC,SPQR)

("C:\Users\jason_8d4xpi7\AppData\Local\Programs\MiKTeX 2.9\tex\latex\graphics\t
rig.sty"
Package: trig 2016/01/03 v1.10 sin cos tan (DPC)
)
("C:\Users\jason_8d4xpi7\AppData\Local\Programs\MiKTeX 2.9\tex\latex\graphics-c
fg\graphics.cfg"
File: graphics.cfg 2016/06/04 v1.11 sample graphics configuration
)
Package graphics Info: Driver file: pdftex.def on input line 99.

("C:\Users\jason_8d4xpi7\AppData\Local\Programs\MiKTeX 2.9\tex\latex\graphics-d
ef\pdftex.def"
File: pdftex.def 2018/01/08 v1.0l Graphics/color driver for pdftex
))
\Gin@req@height=\dimen112
\Gin@req@width=\dimen113
)
("C:\Users\jason_8d4xpi7\AppData\Local\Programs\MiKTeX 2.9\tex\latex\enumitem\e
numitem.sty"
Package: enumitem 2018/11/30 v3.6 Customized lists
\labelindent=\skip50
\enit@outerparindent=\dimen114
\enit@toks=\toks26
\enit@inbox=\box29
\enitdp@description=\count100
)
("C:\Users\jason_8d4xpi7\AppData\Local\Programs\MiKTeX 2.9\tex\latex\mathtools\
mathtools.sty"
Package: mathtools 2019/07/31 v1.22 mathematical typesetting tools

("C:\Users\jason_8d4xpi7\AppData\Local\Programs\MiKTeX 2.9\tex\latex\tools\calc
.sty"
Package: calc 2017/05/25 v4.3 Infix arithmetic (KKT,FJ)
\calc@Acount=\count101
\calc@Bcount=\count102
\calc@Adimen=\dimen115
\calc@Bdimen=\dimen116
\calc@Askip=\skip51
\calc@Bskip=\skip52
LaTeX Info: Redefining \setlength on input line 80.
LaTeX Info: Redefining \addtolength on input line 81.
\calc@Ccount=\count103
\calc@Cskip=\skip53
)
("C:\Users\jason_8d4xpi7\AppData\Local\Programs\MiKTeX 2.9\tex\latex\mathtools\
mhsetup.sty"
Package: mhsetup 2017/03/31 v1.3 programming setup (MH)
)
LaTeX Info: Thecontrolsequence`\('isalreadyrobust on input line 129.
LaTeX Info: Thecontrolsequence`\)'isalreadyrobust on input line 129.
LaTeX Info: Thecontrolsequence`\['isalreadyrobust on input line 129.
LaTeX Info: Thecontrolsequence`\]'isalreadyrobust on input line 129.
\g_MT_multlinerow_int=\count104
\l_MT_multwidth_dim=\dimen117
\origjot=\skip54
\l_MT_shortvdotswithinadjustabove_dim=\dimen118
\l_MT_shortvdotswithinadjustbelow_dim=\dimen119
\l_MT_above_intertext_sep=\dimen120
\l_MT_below_intertext_sep=\dimen121
\l_MT_above_shortintertext_sep=\dimen122
\l_MT_below_shortintertext_sep=\dimen123
)
("C:\Users\jason_8d4xpi7\AppData\Local\Programs\MiKTeX 2.9\tex\latex\mdframed\m
dframed.sty"
Package: mdframed 2013/07/01 1.9b: mdframed

("C:\Users\jason_8d4xpi7\AppData\Local\Programs\MiKTeX 2.9\tex\latex\oberdiek\k
voptions.sty"
Package: kvoptions 2016/05/16 v3.12 Key value format for package options (HO)

("C:\Users\jason_8d4xpi7\AppData\Local\Programs\MiKTeX 2.9\tex\generic\oberdiek
\ltxcmds.sty"
Package: ltxcmds 2016/05/16 v1.23 LaTeX kernel commands for general use (HO)
)
("C:\Users\jason_8d4xpi7\AppData\Local\Programs\MiKTeX 2.9\tex\generic\oberdiek
\kvsetkeys.sty"
Package: kvsetkeys 2016/05/16 v1.17 Key value parser (HO)

("C:\Users\jason_8d4xpi7\AppData\Local\Programs\MiKTeX 2.9\tex\generic\oberdiek
\infwarerr.sty"
Package: infwarerr 2016/05/16 v1.4 Providing info/warning/error messages (HO)
)
("C:\Users\jason_8d4xpi7\AppData\Local\Programs\MiKTeX 2.9\tex\generic\oberdiek
\etexcmds.sty"
Package: etexcmds 2016/05/16 v1.6 Avoid name clashes with e-TeX commands (HO)

("C:\Users\jason_8d4xpi7\AppData\Local\Programs\MiKTeX 2.9\tex\generic\oberdiek
\ifluatex.sty"
Package: ifluatex 2016/05/16 v1.4 Provides the ifluatex switch (HO)
Package ifluatex Info: LuaTeX not detected.
))))
("C:\Users\jason_8d4xpi7\AppData\Local\Programs\MiKTeX 2.9\tex\latex\l3packages
\xparse\xparse.sty"
("C:\Users\jason_8d4xpi7\AppData\Local\Programs\MiKTeX 2.9\tex\latex\l3kernel\e
xpl3.sty"
Package: expl3 2018-12-12 L3 programming layer (loader) 

("C:\Users\jason_8d4xpi7\AppData\Local\Programs\MiKTeX 2.9\tex\latex\l3kernel\e
xpl3-code.tex"
Package: expl3 2018-12-12 L3 programming layer (code)
\c_max_int=\count105
\l_tmpa_int=\count106
\l_tmpb_int=\count107
\g_tmpa_int=\count108
\g_tmpb_int=\count109
\g__kernel_prg_map_int=\count110
\c_log_iow=\count111
\l_iow_line_count_int=\count112
\l__iow_line_target_int=\count113
\l__iow_one_indent_int=\count114
\l__iow_indent_int=\count115
\c_zero_dim=\dimen124
\c_max_dim=\dimen125
\l_tmpa_dim=\dimen126
\l_tmpb_dim=\dimen127
\g_tmpa_dim=\dimen128
\g_tmpb_dim=\dimen129
\c_zero_skip=\skip55
\c_max_skip=\skip56
\l_tmpa_skip=\skip57
\l_tmpb_skip=\skip58
\g_tmpa_skip=\skip59
\g_tmpb_skip=\skip60
\c_zero_muskip=\muskip11
\c_max_muskip=\muskip12
\l_tmpa_muskip=\muskip13
\l_tmpb_muskip=\muskip14
\g_tmpa_muskip=\muskip15
\g_tmpb_muskip=\muskip16
\l_keys_choice_int=\count116
\l__intarray_loop_int=\count117
\c__intarray_sp_dim=\dimen130
\g__intarray_font_int=\count118
\c__fp_leading_shift_int=\count119
\c__fp_middle_shift_int=\count120
\c__fp_trailing_shift_int=\count121
\c__fp_big_leading_shift_int=\count122
\c__fp_big_middle_shift_int=\count123
\c__fp_big_trailing_shift_int=\count124
\c__fp_Bigg_leading_shift_int=\count125
\c__fp_Bigg_middle_shift_int=\count126
\c__fp_Bigg_trailing_shift_int=\count127
\c__kernel_randint_max_int=\count128
\g__fp_array_int=\count129
\l__fp_array_loop_int=\count130
\l__sort_length_int=\count131
\l__sort_min_int=\count132
\l__sort_top_int=\count133
\l__sort_max_int=\count134
\l__sort_true_max_int=\count135
\l__sort_block_int=\count136
\l__sort_begin_int=\count137
\l__sort_end_int=\count138
\l__sort_A_int=\count139
\l__sort_B_int=\count140
\l__sort_C_int=\count141
\l__tl_analysis_normal_int=\count142
\l__tl_analysis_index_int=\count143
\l__tl_analysis_nesting_int=\count144
\l__tl_analysis_type_int=\count145
\l__regex_internal_a_int=\count146
\l__regex_internal_b_int=\count147
\l__regex_internal_c_int=\count148
\l__regex_balance_int=\count149
\l__regex_group_level_int=\count150
\l__regex_mode_int=\count151
\c__regex_cs_in_class_mode_int=\count152
\c__regex_cs_mode_int=\count153
\l__regex_catcodes_int=\count154
\l__regex_default_catcodes_int=\count155
\c__regex_catcode_D_int=\count156
\c__regex_catcode_S_int=\count157
\c__regex_catcode_L_int=\count158
\c__regex_catcode_O_int=\count159
\c__regex_catcode_A_int=\count160
\c__regex_all_catcodes_int=\count161
\l__regex_show_lines_int=\count162
\l__regex_min_state_int=\count163
\l__regex_max_state_int=\count164
\l__regex_left_state_int=\count165
\l__regex_right_state_int=\count166
\l__regex_capturing_group_int=\count167
\l__regex_min_pos_int=\count168
\l__regex_max_pos_int=\count169
\l__regex_curr_pos_int=\count170
\l__regex_start_pos_int=\count171
\l__regex_success_pos_int=\count172
\l__regex_curr_char_int=\count173
\l__regex_curr_catcode_int=\count174
\l__regex_last_char_int=\count175
\l__regex_case_changed_char_int=\count176
\l__regex_curr_state_int=\count177
\l__regex_step_int=\count178
\l__regex_min_active_int=\count179
\l__regex_max_active_int=\count180
\l__regex_replacement_csnames_int=\count181
\l__regex_match_count_int=\count182
\l__regex_min_submatch_int=\count183
\l__regex_submatch_int=\count184
\l__regex_zeroth_submatch_int=\count185
\g__regex_trace_regex_int=\count186
\c_empty_box=\box30
\l_tmpa_box=\box31
\l_tmpb_box=\box32
\g_tmpa_box=\box33
\g_tmpb_box=\box34
\l__box_top_dim=\dimen131
\l__box_bottom_dim=\dimen132
\l__box_left_dim=\dimen133
\l__box_right_dim=\dimen134
\l__box_top_new_dim=\dimen135
\l__box_bottom_new_dim=\dimen136
\l__box_left_new_dim=\dimen137
\l__box_right_new_dim=\dimen138
\l__box_internal_box=\box35
\l__coffin_internal_box=\box36
\l__coffin_internal_dim=\dimen139
\l__coffin_offset_x_dim=\dimen140
\l__coffin_offset_y_dim=\dimen141
\l__coffin_x_dim=\dimen142
\l__coffin_y_dim=\dimen143
\l__coffin_x_prime_dim=\dimen144
\l__coffin_y_prime_dim=\dimen145
\c_empty_coffin=\box37
\l__coffin_aligned_coffin=\box38
\l__coffin_aligned_internal_coffin=\box39
\l_tmpa_coffin=\box40
\l_tmpb_coffin=\box41
\l__coffin_display_coffin=\box42
\l__coffin_display_coord_coffin=\box43
\l__coffin_display_pole_coffin=\box44
\l__coffin_display_offset_dim=\dimen146
\l__coffin_display_x_dim=\dimen147
\l__coffin_display_y_dim=\dimen148
\g__file_internal_ior=\read1
\l__coffin_bounding_shift_dim=\dimen149
\l__coffin_left_corner_dim=\dimen150
\l__coffin_right_corner_dim=\dimen151
\l__coffin_bottom_corner_dim=\dimen152
\l__coffin_top_corner_dim=\dimen153
\l__coffin_scaled_total_height_dim=\dimen154
\l__coffin_scaled_width_dim=\dimen155
\l__seq_internal_a_int=\count187
\l__seq_internal_b_int=\count188
)
("C:\Users\jason_8d4xpi7\AppData\Local\Programs\MiKTeX 2.9\tex\latex\l3kernel\l
3pdfmode.def"
File: l3pdfmode.def 2018-12-12 v L3 Experimental driver: PDF mode
\l__driver_color_stack_int=\count189
))
Package: xparse 2018-10-17 L3 Experimental document command parser
\l__xparse_current_arg_int=\count190
\g__xparse_grabber_int=\count191
\l__xparse_m_args_int=\count192
\l__xparse_mandatory_args_int=\count193
\l__xparse_v_nesting_int=\count194
)
("C:\Users\jason_8d4xpi7\AppData\Local\Programs\MiKTeX 2.9\tex\latex\etoolbox\e
toolbox.sty"
Package: etoolbox 2018/08/19 v2.5f e-TeX tools for LaTeX (JAW)
\etb@tempcnta=\count195
)
("C:\Users\jason_8d4xpi7\AppData\Local\Programs\MiKTeX 2.9\tex\latex\oberdiek\z
ref-abspage.sty"
Package: zref-abspage 2018/11/21 v2.27 Module abspage for zref (HO)

("C:\Users\jason_8d4xpi7\AppData\Local\Programs\MiKTeX 2.9\tex\latex\oberdiek\z
ref-base.sty"
Package: zref-base 2018/11/21 v2.27 Module base for zref (HO)

("C:\Users\jason_8d4xpi7\AppData\Local\Programs\MiKTeX 2.9\tex\generic\oberdiek
\kvdefinekeys.sty"
Package: kvdefinekeys 2016/05/16 v1.4 Define keys (HO)
)
("C:\Users\jason_8d4xpi7\AppData\Local\Programs\MiKTeX 2.9\tex\generic\oberdiek
\pdftexcmds.sty"
Package: pdftexcmds 2018/09/10 v0.29 Utility functions of pdfTeX for LuaTeX (HO
)

("C:\Users\jason_8d4xpi7\AppData\Local\Programs\MiKTeX 2.9\tex\generic\oberdiek
\ifpdf.sty"
Package: ifpdf 2018/09/07 v3.3 Provides the ifpdf switch
)
Package pdftexcmds Info: LuaTeX not detected.
Package pdftexcmds Info: \pdf@primitive is available.
Package pdftexcmds Info: \pdf@ifprimitive is available.
Package pdftexcmds Info: \pdfdraftmode found.
)
("C:\Users\jason_8d4xpi7\AppData\Local\Programs\MiKTeX 2.9\tex\latex\oberdiek\a
uxhook.sty"
Package: auxhook 2016/05/16 v1.4 Hooks for auxiliary files (HO)
)
Package zref Info: New property list: main on input line 759.
Package zref Info: New property: default on input line 760.
Package zref Info: New property: page on input line 761.
)
("C:\Users\jason_8d4xpi7\AppData\Local\Programs\MiKTeX 2.9\tex\generic\oberdiek
\atbegshi.sty"
Package: atbegshi 2016/06/09 v1.18 At begin shipout hook (HO)
)
\c@abspage=\count196
Package zref Info: New property: abspage on input line 62.
)
("C:\Users\jason_8d4xpi7\AppData\Local\Programs\MiKTeX 2.9\tex\latex\needspace\
needspace.sty"
Package: needspace 2010/09/12 v1.3d reserve vertical space
)
("C:\Users\jason_8d4xpi7\AppData\Local\Programs\MiKTeX 2.9\tex\latex\graphics\c
olor.sty"
Package: color 2016/07/10 v1.1e Standard LaTeX Color (DPC)

("C:\Users\jason_8d4xpi7\AppData\Local\Programs\MiKTeX 2.9\tex\latex\graphics-c
fg\color.cfg"
File: color.cfg 2016/01/02 v1.6 sample color configuration
)
Package color Info: Driver file: pdftex.def on input line 147.
)
\mdf@templength=\skip61
\c@mdf@globalstyle@cnt=\count197
\mdf@skipabove@length=\skip62
\mdf@skipbelow@length=\skip63
\mdf@leftmargin@length=\skip64
\mdf@rightmargin@length=\skip65
\mdf@innerleftmargin@length=\skip66
\mdf@innerrightmargin@length=\skip67
\mdf@innertopmargin@length=\skip68
\mdf@innerbottommargin@length=\skip69
\mdf@splittopskip@length=\skip70
\mdf@splitbottomskip@length=\skip71
\mdf@outermargin@length=\skip72
\mdf@innermargin@length=\skip73
\mdf@linewidth@length=\skip74
\mdf@innerlinewidth@length=\skip75
\mdf@middlelinewidth@length=\skip76
\mdf@outerlinewidth@length=\skip77
\mdf@roundcorner@length=\skip78
\mdf@footenotedistance@length=\skip79
\mdf@userdefinedwidth@length=\skip80
\mdf@needspace@length=\skip81
\mdf@frametitleaboveskip@length=\skip82
\mdf@frametitlebelowskip@length=\skip83
\mdf@frametitlerulewidth@length=\skip84
\mdf@frametitleleftmargin@length=\skip85
\mdf@frametitlerightmargin@length=\skip86
\mdf@shadowsize@length=\skip87
\mdf@extratopheight@length=\skip88
\mdf@subtitleabovelinewidth@length=\skip89
\mdf@subtitlebelowlinewidth@length=\skip90
\mdf@subtitleaboveskip@length=\skip91
\mdf@subtitlebelowskip@length=\skip92
\mdf@subtitleinneraboveskip@length=\skip93
\mdf@subtitleinnerbelowskip@length=\skip94
\mdf@subsubtitleabovelinewidth@length=\skip95
\mdf@subsubtitlebelowlinewidth@length=\skip96
\mdf@subsubtitleaboveskip@length=\skip97
\mdf@subsubtitlebelowskip@length=\skip98
\mdf@subsubtitleinneraboveskip@length=\skip99
\mdf@subsubtitleinnerbelowskip@length=\skip100

("C:\Users\jason_8d4xpi7\AppData\Local\Programs\MiKTeX 2.9\tex\latex\mdframed\m
d-frame-0.mdf"
File: md-frame-0.mdf 2013/07/01\ 1.9b: md-frame-0
)
\mdf@frametitlebox=\box45
\mdf@footnotebox=\box46
\mdf@splitbox@one=\box47
\mdf@splitbox@two=\box48
\mdf@splitbox@save=\box49
\mdfsplitboxwidth=\skip101
\mdfsplitboxtotalwidth=\skip102
\mdfsplitboxheight=\skip103
\mdfsplitboxdepth=\skip104
\mdfsplitboxtotalheight=\skip105
\mdfframetitleboxwidth=\skip106
\mdfframetitleboxtotalwidth=\skip107
\mdfframetitleboxheight=\skip108
\mdfframetitleboxdepth=\skip109
\mdfframetitleboxtotalheight=\skip110
\mdffootnoteboxwidth=\skip111
\mdffootnoteboxtotalwidth=\skip112
\mdffootnoteboxheight=\skip113
\mdffootnoteboxdepth=\skip114
\mdffootnoteboxtotalheight=\skip115
\mdftotallinewidth=\skip116
\mdfboundingboxwidth=\skip117
\mdfboundingboxtotalwidth=\skip118
\mdfboundingboxheight=\skip119
\mdfboundingboxdepth=\skip120
\mdfboundingboxtotalheight=\skip121
\mdf@freevspace@length=\skip122
\mdf@horizontalwidthofbox@length=\skip123
\mdf@verticalmarginwhole@length=\skip124
\mdf@horizontalspaceofbox=\skip125
\mdfsubtitleheight=\skip126
\mdfsubsubtitleheight=\skip127
\c@mdfcountframes=\count198

****** mdframed patching \endmdf@trivlist

****** -- success******

\mdf@envdepth=\count199
\c@mdf@env@i=\count266
\c@mdf@env@ii=\count267
\c@mdf@zref@counter=\count268
Package zref Info: New property: mdf@pagevalue on input line 895.
)
("C:\Users\jason_8d4xpi7\AppData\Local\Programs\MiKTeX 2.9\tex\latex\base\fonte
nc.sty"
Package: fontenc 2018/08/11 v2.0j Standard LaTeX package

("C:\Users\jason_8d4xpi7\AppData\Local\Programs\MiKTeX 2.9\tex\latex\base\t1enc
.def"
File: t1enc.def 2018/08/11 v2.0j Standard LaTeX file
LaTeX Font Info:    Redeclaring font encoding T1 on input line 48.
))
("C:\Users\jason_8d4xpi7\AppData\Local\Programs\MiKTeX 2.9\tex\latex\base\input
enc.sty"
Package: inputenc 2018/08/11 v1.3c Input encoding file
\inpenc@prehook=\toks27
\inpenc@posthook=\toks28
)
("C:\Users\jason_8d4xpi7\AppData\Local\Programs\MiKTeX 2.9\tex\latex\xcolor\xco
lor.sty"
Package: xcolor 2016/05/11 v2.12 LaTeX color extensions (UK)

("C:\Users\jason_8d4xpi7\AppData\Local\Programs\MiKTeX 2.9\tex\latex\graphics-c
fg\color.cfg"
File: color.cfg 2016/01/02 v1.6 sample color configuration
)
Package xcolor Info: Package option `usenames' ignored on input line 216.
Package xcolor Info: Driver file: pdftex.def on input line 225.

("C:\Users\jason_8d4xpi7\AppData\Local\Programs\MiKTeX 2.9\tex\latex\colortbl\c
olortbl.sty"
Package: colortbl 2018/12/12 v1.0d Color table columns (DPC)

("C:\Users\jason_8d4xpi7\AppData\Local\Programs\MiKTeX 2.9\tex\latex\tools\arra
y.sty"
Package: array 2018/11/13 v2.4j Tabular extension package (FMi)
\col@sep=\dimen156
\ar@mcellbox=\box50
\extrarowheight=\dimen157
\NC@list=\toks29
\extratabsurround=\skip128
\backup@length=\skip129
\ar@cellbox=\box51
)
\everycr=\toks30
\minrowclearance=\skip130
)
LaTeX Info: Redefining \color on input line 709.
\rownum=\count269
Package xcolor Info: Model `cmy' substituted by `cmy0' on input line 1348.
Package xcolor Info: Model `hsb' substituted by `rgb' on input line 1352.
Package xcolor Info: Model `RGB' extended on input line 1364.
Package xcolor Info: Model `HTML' substituted by `rgb' on input line 1366.
Package xcolor Info: Model `Hsb' substituted by `hsb' on input line 1367.
Package xcolor Info: Model `tHsb' substituted by `hsb' on input line 1368.
Package xcolor Info: Model `HSB' substituted by `hsb' on input line 1369.
Package xcolor Info: Model `Gray' substituted by `gray' on input line 1370.
Package xcolor Info: Model `wave' substituted by `hsb' on input line 1371.

("C:\Users\jason_8d4xpi7\AppData\Local\Programs\MiKTeX 2.9\tex\latex\graphics\d
vipsnam.def"
File: dvipsnam.def 2016/06/17 v3.0m Driver-dependent file (DPC,SPQR)
)
("C:\Users\jason_8d4xpi7\AppData\Local\Programs\MiKTeX 2.9\tex\latex\xcolor\svg
nam.def"
File: svgnam.def 2016/05/11 v2.12 Predefined colors according to SVG 1.1 (UK)
))
("C:\Users\jason_8d4xpi7\AppData\Local\Programs\MiKTeX 2.9\tex\latex\hyperref\h
yperref.sty"
Package: hyperref 2018/11/30 v6.88e Hypertext links for LaTeX

("C:\Users\jason_8d4xpi7\AppData\Local\Programs\MiKTeX 2.9\tex\generic\oberdiek
\hobsub-hyperref.sty"
Package: hobsub-hyperref 2016/05/16 v1.14 Bundle oberdiek, subset hyperref (HO)


("C:\Users\jason_8d4xpi7\AppData\Local\Programs\MiKTeX 2.9\tex\generic\oberdiek
\hobsub-generic.sty"
Package: hobsub-generic 2016/05/16 v1.14 Bundle oberdiek, subset generic (HO)
Package: hobsub 2016/05/16 v1.14 Construct package bundles (HO)
Package hobsub Info: Skipping package `infwarerr' (already loaded).
Package hobsub Info: Skipping package `ltxcmds' (already loaded).
Package hobsub Info: Skipping package `ifluatex' (already loaded).
Package: ifvtex 2016/05/16 v1.6 Detect VTeX and its facilities (HO)
Package ifvtex Info: VTeX not detected.
Package: intcalc 2016/05/16 v1.2 Expandable calculations with integers (HO)
Package hobsub Info: Skipping package `ifpdf' (already loaded).
Package hobsub Info: Skipping package `etexcmds' (already loaded).
Package hobsub Info: Skipping package `kvsetkeys' (already loaded).
Package hobsub Info: Skipping package `kvdefinekeys' (already loaded).
Package hobsub Info: Skipping package `pdftexcmds' (already loaded).
Package: pdfescape 2016/05/16 v1.14 Implements pdfTeX's escape features (HO)
Package: bigintcalc 2016/05/16 v1.4 Expandable calculations on big integers (HO
)
Package: bitset 2016/05/16 v1.2 Handle bit-vector datatype (HO)
Package: uniquecounter 2016/05/16 v1.3 Provide unlimited unique counter (HO)
)
Package hobsub Info: Skipping package `hobsub' (already loaded).
Package: letltxmacro 2016/05/16 v1.5 Let assignment for LaTeX macros (HO)
Package: hopatch 2016/05/16 v1.3 Wrapper for package hooks (HO)
Package: xcolor-patch 2016/05/16 xcolor patch
Package: atveryend 2016/05/16 v1.9 Hooks at the very end of document (HO)
Package hobsub Info: Skipping package `atbegshi' (already loaded).
Package: refcount 2016/05/16 v3.5 Data extraction from label references (HO)
Package: hycolor 2016/05/16 v1.8 Color options for hyperref/bookmark (HO)
)
("C:\Users\jason_8d4xpi7\AppData\Local\Programs\MiKTeX 2.9\tex\generic\ifxetex\
ifxetex.sty"
Package: ifxetex 2010/09/12 v0.6 Provides ifxetex conditional
)
\@linkdim=\dimen158
\Hy@linkcounter=\count270
\Hy@pagecounter=\count271

("C:\Users\jason_8d4xpi7\AppData\Local\Programs\MiKTeX 2.9\tex\latex\hyperref\p
d1enc.def"
File: pd1enc.def 2018/11/30 v6.88e Hyperref: PDFDocEncoding definition (HO)
Now handling font encoding PD1 ...
... no UTF-8 mapping file for font encoding PD1
)
\Hy@SavedSpaceFactor=\count272

("C:\Users\jason_8d4xpi7\AppData\Local\Programs\MiKTeX 2.9\tex\latex\00miktex\h
yperref.cfg"
File: hyperref.cfg 2002/06/06 v1.2 hyperref configuration of TeXLive
)
Package hyperref Info: Option `colorlinks' set `true' on input line 4393.
Package hyperref Info: Hyper figures OFF on input line 4519.
Package hyperref Info: Link nesting OFF on input line 4524.
Package hyperref Info: Hyper index ON on input line 4527.
Package hyperref Info: Plain pages OFF on input line 4534.
Package hyperref Info: Backreferencing OFF on input line 4539.
Package hyperref Info: Implicit mode ON; LaTeX internals redefined.
Package hyperref Info: Bookmarks ON on input line 4772.
\c@Hy@tempcnt=\count273

("C:\Users\jason_8d4xpi7\AppData\Local\Programs\MiKTeX 2.9\tex\latex\url\url.st
y"
\Urlmuskip=\muskip17
Package: url 2013/09/16  ver 3.4  Verb mode for urls, etc.
)
LaTeX Info: Redefining \url on input line 5125.
\XeTeXLinkMargin=\dimen159
\Fld@menulength=\count274
\Field@Width=\dimen160
\Fld@charsize=\dimen161
Package hyperref Info: Hyper figures OFF on input line 6380.
Package hyperref Info: Link nesting OFF on input line 6385.
Package hyperref Info: Hyper index ON on input line 6388.
Package hyperref Info: backreferencing OFF on input line 6395.
Package hyperref Info: Link coloring ON on input line 6398.
Package hyperref Info: Link coloring with OCG OFF on input line 6405.
Package hyperref Info: PDF/A mode OFF on input line 6410.
LaTeX Info: Redefining \ref on input line 6450.
LaTeX Info: Redefining \pageref on input line 6454.
\Hy@abspage=\count275
\c@Item=\count276
\c@Hfootnote=\count277
)
Package hyperref Info: Driver (autodetected): hpdftex.

("C:\Users\jason_8d4xpi7\AppData\Local\Programs\MiKTeX 2.9\tex\latex\hyperref\h
pdftex.def"
File: hpdftex.def 2018/11/30 v6.88e Hyperref driver for pdfTeX
\HyAnn@Count=\count278
\Fld@listcount=\count279
\c@bookmark@seq@number=\count280

("C:\Users\jason_8d4xpi7\AppData\Local\Programs\MiKTeX 2.9\tex\latex\oberdiek\r
erunfilecheck.sty"
Package: rerunfilecheck 2016/05/16 v1.8 Rerun checks for auxiliary files (HO)
Package uniquecounter Info: New unique counter `rerunfilecheck' on input line 2
82.
)
\Hy@SectionHShift=\skip131
)
("C:\Users\jason_8d4xpi7\AppData\Local\Programs\MiKTeX 2.9\tex\latex\pdfpages\p
dfpages.sty"
Package: pdfpages 2020/01/28 v0.5q Insert pages of external PDF documents (AM)

("C:\Users\jason_8d4xpi7\AppData\Local\Programs\MiKTeX 2.9\tex\latex\base\ifthe
n.sty"
Package: ifthen 2014/09/29 v1.1c Standard LaTeX ifthen package (DPC)
)
("C:\Users\jason_8d4xpi7\AppData\Local\Programs\MiKTeX 2.9\tex\latex\eso-pic\es
o-pic.sty"
Package: eso-pic 2018/04/12 v2.0h eso-pic (RN)
)
\AM@pagewidth=\dimen162
\AM@pageheight=\dimen163

("C:\Users\jason_8d4xpi7\AppData\Local\Programs\MiKTeX 2.9\tex\latex\pdfpages\p
ppdftex.def"
File: pppdftex.def 2020/01/28 v0.5q Pdfpages driver for pdfTeX (AM)
)
\AM@pagebox=\box52
\AM@global@opts=\toks31
\AM@pagecnt=\count281
\AM@toc@title=\toks32
\c@AM@survey=\count282
\AM@templatesizebox=\box53
)
("C:\Users\jason_8d4xpi7\AppData\Local\Programs\MiKTeX 2.9\tex\latex\pgfplots\p
gfplots.sty"
("C:\Users\jason_8d4xpi7\AppData\Local\Programs\MiKTeX 2.9\tex\generic\pgfplots
\pgfplots.revision.tex")
Package: pgfplots 2018/03/28 v1.16 Data Visualization (1.16)

("C:\Users\jason_8d4xpi7\AppData\Local\Programs\MiKTeX 2.9\tex\latex\pgf\fronte
ndlayer\tikz.sty"
("C:\Users\jason_8d4xpi7\AppData\Local\Programs\MiKTeX 2.9\tex\latex\pgf\basicl
ayer\pgf.sty"
("C:\Users\jason_8d4xpi7\AppData\Local\Programs\MiKTeX 2.9\tex\latex\pgf\utilit
ies\pgfrcs.sty"
("C:\Users\jason_8d4xpi7\AppData\Local\Programs\MiKTeX 2.9\tex\generic\pgf\util
ities\pgfutil-common.tex"
\pgfutil@everybye=\toks33
\pgfutil@tempdima=\dimen164
\pgfutil@tempdimb=\dimen165

("C:\Users\jason_8d4xpi7\AppData\Local\Programs\MiKTeX 2.9\tex\generic\pgf\util
ities\pgfutil-common-lists.tex"))
("C:\Users\jason_8d4xpi7\AppData\Local\Programs\MiKTeX 2.9\tex\generic\pgf\util
ities\pgfutil-latex.def"
\pgfutil@abb=\box54

("C:\Users\jason_8d4xpi7\AppData\Local\Programs\MiKTeX 2.9\tex\latex\ms\everysh
i.sty"
Package: everyshi 2001/05/15 v3.00 EveryShipout Package (MS)
))
("C:\Users\jason_8d4xpi7\AppData\Local\Programs\MiKTeX 2.9\tex\generic\pgf\util
ities\pgfrcs.code.tex"
Package: pgfrcs 2015/08/07 v3.0.1a (rcs-revision 1.31)
))
Package: pgf 2015/08/07 v3.0.1a (rcs-revision 1.15)

("C:\Users\jason_8d4xpi7\AppData\Local\Programs\MiKTeX 2.9\tex\latex\pgf\basicl
ayer\pgfcore.sty"
("C:\Users\jason_8d4xpi7\AppData\Local\Programs\MiKTeX 2.9\tex\latex\pgf\system
layer\pgfsys.sty"
("C:\Users\jason_8d4xpi7\AppData\Local\Programs\MiKTeX 2.9\tex\generic\pgf\syst
emlayer\pgfsys.code.tex"
Package: pgfsys 2014/07/09 v3.0.1a (rcs-revision 1.48)

("C:\Users\jason_8d4xpi7\AppData\Local\Programs\MiKTeX 2.9\tex\generic\pgf\util
ities\pgfkeys.code.tex"
\pgfkeys@pathtoks=\toks34
\pgfkeys@temptoks=\toks35

("C:\Users\jason_8d4xpi7\AppData\Local\Programs\MiKTeX 2.9\tex\generic\pgf\util
ities\pgfkeysfiltered.code.tex"
\pgfkeys@tmptoks=\toks36
))
\pgf@x=\dimen166
\pgf@y=\dimen167
\pgf@xa=\dimen168
\pgf@ya=\dimen169
\pgf@xb=\dimen170
\pgf@yb=\dimen171
\pgf@xc=\dimen172
\pgf@yc=\dimen173
\w@pgf@writea=\write3
\r@pgf@reada=\read2
\c@pgf@counta=\count283
\c@pgf@countb=\count284
\c@pgf@countc=\count285
\c@pgf@countd=\count286
\t@pgf@toka=\toks37
\t@pgf@tokb=\toks38
\t@pgf@tokc=\toks39

("C:\Users\jason_8d4xpi7\AppData\Local\Programs\MiKTeX 2.9\tex\generic\pgf\syst
emlayer\pgf.cfg"
File: pgf.cfg 2008/05/14  (rcs-revision 1.7)
)
Driver file for pgf: pgfsys-pdftex.def

("C:\Users\jason_8d4xpi7\AppData\Local\Programs\MiKTeX 2.9\tex\generic\pgf\syst
emlayer\pgfsys-pdftex.def"
File: pgfsys-pdftex.def 2014/10/11  (rcs-revision 1.35)

("C:\Users\jason_8d4xpi7\AppData\Local\Programs\MiKTeX 2.9\tex\generic\pgf\syst
emlayer\pgfsys-common-pdf.def"
File: pgfsys-common-pdf.def 2013/10/10  (rcs-revision 1.13)
)))
("C:\Users\jason_8d4xpi7\AppData\Local\Programs\MiKTeX 2.9\tex\generic\pgf\syst
emlayer\pgfsyssoftpath.code.tex"
File: pgfsyssoftpath.code.tex 2013/09/09  (rcs-revision 1.9)
\pgfsyssoftpath@smallbuffer@items=\count287
\pgfsyssoftpath@bigbuffer@items=\count288
)
("C:\Users\jason_8d4xpi7\AppData\Local\Programs\MiKTeX 2.9\tex\generic\pgf\syst
emlayer\pgfsysprotocol.code.tex"
File: pgfsysprotocol.code.tex 2006/10/16  (rcs-revision 1.4)
))
("C:\Users\jason_8d4xpi7\AppData\Local\Programs\MiKTeX 2.9\tex\generic\pgf\basi
clayer\pgfcore.code.tex"
Package: pgfcore 2010/04/11 v3.0.1a (rcs-revision 1.7)

("C:\Users\jason_8d4xpi7\AppData\Local\Programs\MiKTeX 2.9\tex\generic\pgf\math
\pgfmath.code.tex"
("C:\Users\jason_8d4xpi7\AppData\Local\Programs\MiKTeX 2.9\tex\generic\pgf\math
\pgfmathcalc.code.tex"
("C:\Users\jason_8d4xpi7\AppData\Local\Programs\MiKTeX 2.9\tex\generic\pgf\math
\pgfmathutil.code.tex")
("C:\Users\jason_8d4xpi7\AppData\Local\Programs\MiKTeX 2.9\tex\generic\pgf\math
\pgfmathparser.code.tex"
\pgfmath@dimen=\dimen174
\pgfmath@count=\count289
\pgfmath@box=\box55
\pgfmath@toks=\toks40
\pgfmath@stack@operand=\toks41
\pgfmath@stack@operation=\toks42
)
("C:\Users\jason_8d4xpi7\AppData\Local\Programs\MiKTeX 2.9\tex\generic\pgf\math
\pgfmathfunctions.code.tex"
("C:\Users\jason_8d4xpi7\AppData\Local\Programs\MiKTeX 2.9\tex\generic\pgf\math
\pgfmathfunctions.basic.code.tex")
("C:\Users\jason_8d4xpi7\AppData\Local\Programs\MiKTeX 2.9\tex\generic\pgf\math
\pgfmathfunctions.trigonometric.code.tex")
("C:\Users\jason_8d4xpi7\AppData\Local\Programs\MiKTeX 2.9\tex\generic\pgf\math
\pgfmathfunctions.random.code.tex")
("C:\Users\jason_8d4xpi7\AppData\Local\Programs\MiKTeX 2.9\tex\generic\pgf\math
\pgfmathfunctions.comparison.code.tex")
("C:\Users\jason_8d4xpi7\AppData\Local\Programs\MiKTeX 2.9\tex\generic\pgf\math
\pgfmathfunctions.base.code.tex")
("C:\Users\jason_8d4xpi7\AppData\Local\Programs\MiKTeX 2.9\tex\generic\pgf\math
\pgfmathfunctions.round.code.tex")
("C:\Users\jason_8d4xpi7\AppData\Local\Programs\MiKTeX 2.9\tex\generic\pgf\math
\pgfmathfunctions.misc.code.tex")
("C:\Users\jason_8d4xpi7\AppData\Local\Programs\MiKTeX 2.9\tex\generic\pgf\math
\pgfmathfunctions.integerarithmetics.code.tex")))
("C:\Users\jason_8d4xpi7\AppData\Local\Programs\MiKTeX 2.9\tex\generic\pgf\math
\pgfmathfloat.code.tex"
\c@pgfmathroundto@lastzeros=\count290
))
("C:\Users\jason_8d4xpi7\AppData\Local\Programs\MiKTeX 2.9\tex\generic\pgf\basi
clayer\pgfcorepoints.code.tex"
File: pgfcorepoints.code.tex 2013/10/07  (rcs-revision 1.27)
\pgf@picminx=\dimen175
\pgf@picmaxx=\dimen176
\pgf@picminy=\dimen177
\pgf@picmaxy=\dimen178
\pgf@pathminx=\dimen179
\pgf@pathmaxx=\dimen180
\pgf@pathminy=\dimen181
\pgf@pathmaxy=\dimen182
\pgf@xx=\dimen183
\pgf@xy=\dimen184
\pgf@yx=\dimen185
\pgf@yy=\dimen186
\pgf@zx=\dimen187
\pgf@zy=\dimen188
)
("C:\Users\jason_8d4xpi7\AppData\Local\Programs\MiKTeX 2.9\tex\generic\pgf\basi
clayer\pgfcorepathconstruct.code.tex"
File: pgfcorepathconstruct.code.tex 2013/10/07  (rcs-revision 1.29)
\pgf@path@lastx=\dimen189
\pgf@path@lasty=\dimen190
)
("C:\Users\jason_8d4xpi7\AppData\Local\Programs\MiKTeX 2.9\tex\generic\pgf\basi
clayer\pgfcorepathusage.code.tex"
File: pgfcorepathusage.code.tex 2014/11/02  (rcs-revision 1.24)
\pgf@shorten@end@additional=\dimen191
\pgf@shorten@start@additional=\dimen192
)
("C:\Users\jason_8d4xpi7\AppData\Local\Programs\MiKTeX 2.9\tex\generic\pgf\basi
clayer\pgfcorescopes.code.tex"
File: pgfcorescopes.code.tex 2015/05/08  (rcs-revision 1.46)
\pgfpic=\box56
\pgf@hbox=\box57
\pgf@layerbox@main=\box58
\pgf@picture@serial@count=\count291
)
("C:\Users\jason_8d4xpi7\AppData\Local\Programs\MiKTeX 2.9\tex\generic\pgf\basi
clayer\pgfcoregraphicstate.code.tex"
File: pgfcoregraphicstate.code.tex 2014/11/02  (rcs-revision 1.12)
\pgflinewidth=\dimen193
)
("C:\Users\jason_8d4xpi7\AppData\Local\Programs\MiKTeX 2.9\tex\generic\pgf\basi
clayer\pgfcoretransformations.code.tex"
File: pgfcoretransformations.code.tex 2015/08/07  (rcs-revision 1.20)
\pgf@pt@x=\dimen194
\pgf@pt@y=\dimen195
\pgf@pt@temp=\dimen196
)
("C:\Users\jason_8d4xpi7\AppData\Local\Programs\MiKTeX 2.9\tex\generic\pgf\basi
clayer\pgfcorequick.code.tex"
File: pgfcorequick.code.tex 2008/10/09  (rcs-revision 1.3)
)
("C:\Users\jason_8d4xpi7\AppData\Local\Programs\MiKTeX 2.9\tex\generic\pgf\basi
clayer\pgfcoreobjects.code.tex"
File: pgfcoreobjects.code.tex 2006/10/11  (rcs-revision 1.2)
)
("C:\Users\jason_8d4xpi7\AppData\Local\Programs\MiKTeX 2.9\tex\generic\pgf\basi
clayer\pgfcorepathprocessing.code.tex"
File: pgfcorepathprocessing.code.tex 2013/09/09  (rcs-revision 1.9)
)
("C:\Users\jason_8d4xpi7\AppData\Local\Programs\MiKTeX 2.9\tex\generic\pgf\basi
clayer\pgfcorearrows.code.tex"
File: pgfcorearrows.code.tex 2015/05/14  (rcs-revision 1.43)
\pgfarrowsep=\dimen197
)
("C:\Users\jason_8d4xpi7\AppData\Local\Programs\MiKTeX 2.9\tex\generic\pgf\basi
clayer\pgfcoreshade.code.tex"
File: pgfcoreshade.code.tex 2013/07/15  (rcs-revision 1.15)
\pgf@max=\dimen198
\pgf@sys@shading@range@num=\count292
)
("C:\Users\jason_8d4xpi7\AppData\Local\Programs\MiKTeX 2.9\tex\generic\pgf\basi
clayer\pgfcoreimage.code.tex"
File: pgfcoreimage.code.tex 2013/07/15  (rcs-revision 1.18)

("C:\Users\jason_8d4xpi7\AppData\Local\Programs\MiKTeX 2.9\tex\generic\pgf\basi
clayer\pgfcoreexternal.code.tex"
File: pgfcoreexternal.code.tex 2014/07/09  (rcs-revision 1.21)
\pgfexternal@startupbox=\box59
))
("C:\Users\jason_8d4xpi7\AppData\Local\Programs\MiKTeX 2.9\tex\generic\pgf\basi
clayer\pgfcorelayers.code.tex"
File: pgfcorelayers.code.tex 2013/07/18  (rcs-revision 1.7)
)
("C:\Users\jason_8d4xpi7\AppData\Local\Programs\MiKTeX 2.9\tex\generic\pgf\basi
clayer\pgfcoretransparency.code.tex"
File: pgfcoretransparency.code.tex 2013/09/30  (rcs-revision 1.5)
)
("C:\Users\jason_8d4xpi7\AppData\Local\Programs\MiKTeX 2.9\tex\generic\pgf\basi
clayer\pgfcorepatterns.code.tex"
File: pgfcorepatterns.code.tex 2013/11/07  (rcs-revision 1.5)
)))
("C:\Users\jason_8d4xpi7\AppData\Local\Programs\MiKTeX 2.9\tex\generic\pgf\modu
les\pgfmoduleshapes.code.tex"
File: pgfmoduleshapes.code.tex 2014/03/21  (rcs-revision 1.35)
\pgfnodeparttextbox=\box60
)
("C:\Users\jason_8d4xpi7\AppData\Local\Programs\MiKTeX 2.9\tex\generic\pgf\modu
les\pgfmoduleplot.code.tex"
File: pgfmoduleplot.code.tex 2015/08/03  (rcs-revision 1.13)
)
("C:\Users\jason_8d4xpi7\AppData\Local\Programs\MiKTeX 2.9\tex\latex\pgf\compat
ibility\pgfcomp-version-0-65.sty"
Package: pgfcomp-version-0-65 2007/07/03 v3.0.1a (rcs-revision 1.7)
\pgf@nodesepstart=\dimen199
\pgf@nodesepend=\dimen256
)
("C:\Users\jason_8d4xpi7\AppData\Local\Programs\MiKTeX 2.9\tex\latex\pgf\compat
ibility\pgfcomp-version-1-18.sty"
Package: pgfcomp-version-1-18 2007/07/23 v3.0.1a (rcs-revision 1.1)
))
("C:\Users\jason_8d4xpi7\AppData\Local\Programs\MiKTeX 2.9\tex\latex\pgf\utilit
ies\pgffor.sty"
("C:\Users\jason_8d4xpi7\AppData\Local\Programs\MiKTeX 2.9\tex\latex\pgf\utilit
ies\pgfkeys.sty"
("C:\Users\jason_8d4xpi7\AppData\Local\Programs\MiKTeX 2.9\tex\generic\pgf\util
ities\pgfkeys.code.tex"))
("C:\Users\jason_8d4xpi7\AppData\Local\Programs\MiKTeX 2.9\tex\latex\pgf\math\p
gfmath.sty"
("C:\Users\jason_8d4xpi7\AppData\Local\Programs\MiKTeX 2.9\tex\generic\pgf\math
\pgfmath.code.tex"))
("C:\Users\jason_8d4xpi7\AppData\Local\Programs\MiKTeX 2.9\tex\generic\pgf\util
ities\pgffor.code.tex"
Package: pgffor 2013/12/13 v3.0.1a (rcs-revision 1.25)

("C:\Users\jason_8d4xpi7\AppData\Local\Programs\MiKTeX 2.9\tex\generic\pgf\math
\pgfmath.code.tex")
\pgffor@iter=\dimen257
\pgffor@skip=\dimen258
\pgffor@stack=\toks43
\pgffor@toks=\toks44
))
("C:\Users\jason_8d4xpi7\AppData\Local\Programs\MiKTeX 2.9\tex\generic\pgf\fron
tendlayer\tikz\tikz.code.tex"
Package: tikz 2015/08/07 v3.0.1a (rcs-revision 1.151)

("C:\Users\jason_8d4xpi7\AppData\Local\Programs\MiKTeX 2.9\tex\generic\pgf\libr
aries\pgflibraryplothandlers.code.tex"
File: pgflibraryplothandlers.code.tex 2013/08/31 v3.0.1a (rcs-revision 1.20)
\pgf@plot@mark@count=\count293
\pgfplotmarksize=\dimen259
)
\tikz@lastx=\dimen260
\tikz@lasty=\dimen261
\tikz@lastxsaved=\dimen262
\tikz@lastysaved=\dimen263
\tikzleveldistance=\dimen264
\tikzsiblingdistance=\dimen265
\tikz@figbox=\box61
\tikz@figbox@bg=\box62
\tikz@tempbox=\box63
\tikz@tempbox@bg=\box64
\tikztreelevel=\count294
\tikznumberofchildren=\count295
\tikznumberofcurrentchild=\count296
\tikz@fig@count=\count297

("C:\Users\jason_8d4xpi7\AppData\Local\Programs\MiKTeX 2.9\tex\generic\pgf\modu
les\pgfmodulematrix.code.tex"
File: pgfmodulematrix.code.tex 2013/09/17  (rcs-revision 1.8)
\pgfmatrixcurrentrow=\count298
\pgfmatrixcurrentcolumn=\count299
\pgf@matrix@numberofcolumns=\count300
)
\tikz@expandcount=\count301

("C:\Users\jason_8d4xpi7\AppData\Local\Programs\MiKTeX 2.9\tex\generic\pgf\fron
tendlayer\tikz\libraries\tikzlibrarytopaths.code.tex"
File: tikzlibrarytopaths.code.tex 2008/06/17 v3.0.1a (rcs-revision 1.2)
)))
("C:\Users\jason_8d4xpi7\AppData\Local\Programs\MiKTeX 2.9\tex\generic\pgfplots
\pgfplots.code.tex"
("C:\Users\jason_8d4xpi7\AppData\Local\Programs\MiKTeX 2.9\tex\generic\pgfplots
\pgfplotscore.code.tex"
\t@pgfplots@toka=\toks45
\t@pgfplots@tokb=\toks46
\t@pgfplots@tokc=\toks47
\pgfplots@tmpa=\dimen266
\c@pgfplots@coordindex=\count302
\c@pgfplots@scanlineindex=\count303

("C:\Users\jason_8d4xpi7\AppData\Local\Programs\MiKTeX 2.9\tex\generic\pgfplots
\sys\pgfplotssysgeneric.code.tex"))
("C:\Users\jason_8d4xpi7\AppData\Local\Programs\MiKTeX 2.9\tex\generic\pgfplots
\libs\pgfplotslibrary.code.tex")
("C:\Users\jason_8d4xpi7\AppData\Local\Programs\MiKTeX 2.9\tex\generic\pgfplots
\oldpgfcompatib\pgfplotsoldpgfsupp_loader.code.tex"
("C:\Users\jason_8d4xpi7\AppData\Local\Programs\MiKTeX 2.9\tex\generic\pgf\libr
aries\pgflibraryfpu.code.tex")
Package pgfplots: loading complementary arithmetics for your pgf version...

("C:\Users\jason_8d4xpi7\AppData\Local\Programs\MiKTeX 2.9\tex\generic\pgfplots
\oldpgfcompatib\pgfplotsoldpgfsupp_pgflibraryfpu.code.tex")
("C:\Users\jason_8d4xpi7\AppData\Local\Programs\MiKTeX 2.9\tex\generic\pgfplots
\oldpgfcompatib\pgfplotsoldpgfsupp_pgfmathfloat.code.tex"
\c@pgfmathroundto@lastzeros=\count304
)
("C:\Users\jason_8d4xpi7\AppData\Local\Programs\MiKTeX 2.9\tex\generic\pgfplots
\oldpgfcompatib\pgfplotsoldpgfsupp_leq.code.tex"))
("C:\Users\jason_8d4xpi7\AppData\Local\Programs\MiKTeX 2.9\tex\generic\pgfplots
\util\pgfplotsutil.code.tex"
("C:\Users\jason_8d4xpi7\AppData\Local\Programs\MiKTeX 2.9\tex\generic\pgfplots
\liststructure\pgfplotsliststructure.code.tex")
("C:\Users\jason_8d4xpi7\AppData\Local\Programs\MiKTeX 2.9\tex\generic\pgfplots
\liststructure\pgfplotsliststructureext.code.tex")
("C:\Users\jason_8d4xpi7\AppData\Local\Programs\MiKTeX 2.9\tex\generic\pgfplots
\liststructure\pgfplotsarray.code.tex"
\c@pgfplotsarray@tmp=\count305
)
("C:\Users\jason_8d4xpi7\AppData\Local\Programs\MiKTeX 2.9\tex\generic\pgfplots
\liststructure\pgfplotsmatrix.code.tex")
("C:\Users\jason_8d4xpi7\AppData\Local\Programs\MiKTeX 2.9\tex\generic\pgfplots
\numtable\pgfplotstableshared.code.tex"
\c@pgfplotstable@counta=\count306
\t@pgfplotstable@a=\toks48
)
("C:\Users\jason_8d4xpi7\AppData\Local\Programs\MiKTeX 2.9\tex\generic\pgfplots
\liststructure\pgfplotsdeque.code.tex")
("C:\Users\jason_8d4xpi7\AppData\Local\Programs\MiKTeX 2.9\tex\generic\pgfplots
\util\pgfplotsbinary.code.tex"
("C:\Users\jason_8d4xpi7\AppData\Local\Programs\MiKTeX 2.9\tex\generic\pgfplots
\util\pgfplotsbinary.data.code.tex"))
("C:\Users\jason_8d4xpi7\AppData\Local\Programs\MiKTeX 2.9\tex\generic\pgfplots
\util\pgfplotsutil.verb.code.tex")
("C:\Users\jason_8d4xpi7\AppData\Local\Programs\MiKTeX 2.9\tex\generic\pgfplots
\libs\pgflibrarypgfplots.surfshading.code.tex"
\c@pgfplotslibrarysurf@no=\count307

("C:\Users\jason_8d4xpi7\AppData\Local\Programs\MiKTeX 2.9\tex\generic\pgfplots
\sys\pgflibrarypgfplots.surfshading.pgfsys-pdftex.def")))
("C:\Users\jason_8d4xpi7\AppData\Local\Programs\MiKTeX 2.9\tex\generic\pgfplots
\util\pgfplotscolormap.code.tex"
("C:\Users\jason_8d4xpi7\AppData\Local\Programs\MiKTeX 2.9\tex\generic\pgfplots
\util\pgfplotscolor.code.tex"))
("C:\Users\jason_8d4xpi7\AppData\Local\Programs\MiKTeX 2.9\tex\generic\pgfplots
\pgfplotsstackedplots.code.tex")
("C:\Users\jason_8d4xpi7\AppData\Local\Programs\MiKTeX 2.9\tex\generic\pgfplots
\pgfplotsplothandlers.code.tex"
("C:\Users\jason_8d4xpi7\AppData\Local\Programs\MiKTeX 2.9\tex\generic\pgfplots
\pgfplotsmeshplothandler.code.tex"
("C:\Users\jason_8d4xpi7\AppData\Local\Programs\MiKTeX 2.9\tex\generic\pgfplots
\pgfplotsmeshplotimage.code.tex")))
("C:\Users\jason_8d4xpi7\AppData\Local\Programs\MiKTeX 2.9\tex\generic\pgfplots
\pgfplots.scaling.code.tex")
("C:\Users\jason_8d4xpi7\AppData\Local\Programs\MiKTeX 2.9\tex\generic\pgfplots
\pgfplotscoordprocessing.code.tex")
("C:\Users\jason_8d4xpi7\AppData\Local\Programs\MiKTeX 2.9\tex\generic\pgfplots
\pgfplots.errorbars.code.tex")
("C:\Users\jason_8d4xpi7\AppData\Local\Programs\MiKTeX 2.9\tex\generic\pgfplots
\pgfplots.markers.code.tex")
("C:\Users\jason_8d4xpi7\AppData\Local\Programs\MiKTeX 2.9\tex\generic\pgfplots
\pgfplotsticks.code.tex")
("C:\Users\jason_8d4xpi7\AppData\Local\Programs\MiKTeX 2.9\tex\generic\pgfplots
\pgfplots.paths.code.tex")
("C:\Users\jason_8d4xpi7\AppData\Local\Programs\MiKTeX 2.9\tex\generic\pgf\fron
tendlayer\tikz\libraries\tikzlibrarydecorations.code.tex"
("C:\Users\jason_8d4xpi7\AppData\Local\Programs\MiKTeX 2.9\tex\generic\pgf\modu
les\pgfmoduledecorations.code.tex"
\pgfdecoratedcompleteddistance=\dimen267
\pgfdecoratedremainingdistance=\dimen268
\pgfdecoratedinputsegmentcompleteddistance=\dimen269
\pgfdecoratedinputsegmentremainingdistance=\dimen270
\pgf@decorate@distancetomove=\dimen271
\pgf@decorate@repeatstate=\count308
\pgfdecorationsegmentamplitude=\dimen272
\pgfdecorationsegmentlength=\dimen273
)
\tikz@lib@dec@box=\box65
)
("C:\Users\jason_8d4xpi7\AppData\Local\Programs\MiKTeX 2.9\tex\generic\pgf\fron
tendlayer\tikz\libraries\tikzlibrarydecorations.pathmorphing.code.tex"
("C:\Users\jason_8d4xpi7\AppData\Local\Programs\MiKTeX 2.9\tex\generic\pgf\libr
aries\decorations\pgflibrarydecorations.pathmorphing.code.tex"))
("C:\Users\jason_8d4xpi7\AppData\Local\Programs\MiKTeX 2.9\tex\generic\pgf\fron
tendlayer\tikz\libraries\tikzlibrarydecorations.pathreplacing.code.tex"
("C:\Users\jason_8d4xpi7\AppData\Local\Programs\MiKTeX 2.9\tex\generic\pgf\libr
aries\decorations\pgflibrarydecorations.pathreplacing.code.tex"))
\pgfplots@numplots=\count309
\pgfplots@xmin@reg=\dimen274
\pgfplots@xmax@reg=\dimen275
\pgfplots@ymin@reg=\dimen276
\pgfplots@ymax@reg=\dimen277
\pgfplots@zmin@reg=\dimen278
\pgfplots@zmax@reg=\dimen279
)
("C:\Users\jason_8d4xpi7\AppData\Local\Programs\MiKTeX 2.9\tex\generic\pgf\fron
tendlayer\tikz\libraries\tikzlibraryplotmarks.code.tex"
File: tikzlibraryplotmarks.code.tex 2008/01/09 v3.0.1a (rcs-revision 1.1)

("C:\Users\jason_8d4xpi7\AppData\Local\Programs\MiKTeX 2.9\tex\generic\pgf\libr
aries\pgflibraryplotmarks.code.tex"
File: pgflibraryplotmarks.code.tex 2015/08/03 v3.0.1a (rcs-revision 1.14)
)))
\c@mydef=\count310
\c@conj=\count311
\c@ex=\count312
\c@theor=\count313

No file phys708lab2.aux.
\openout1 = `phys708lab2.aux'.

LaTeX Font Info:    Checking defaults for OML/cmm/m/it on input line 35.
LaTeX Font Info:    ... okay on input line 35.
LaTeX Font Info:    Checking defaults for T1/cmr/m/n on input line 35.
LaTeX Font Info:    ... okay on input line 35.
LaTeX Font Info:    Checking defaults for OT1/cmr/m/n on input line 35.
LaTeX Font Info:    ... okay on input line 35.
LaTeX Font Info:    Checking defaults for OMS/cmsy/m/n on input line 35.
LaTeX Font Info:    ... okay on input line 35.
LaTeX Font Info:    Checking defaults for OMX/cmex/m/n on input line 35.
LaTeX Font Info:    ... okay on input line 35.
LaTeX Font Info:    Checking defaults for U/cmr/m/n on input line 35.
LaTeX Font Info:    ... okay on input line 35.
LaTeX Font Info:    Checking defaults for PD1/pdf/m/n on input line 35.
LaTeX Font Info:    ... okay on input line 35.
LaTeX Font Info:    Try loading font information for T1+lmvtt on input line 35.


("C:\Users\jason_8d4xpi7\AppData\Local\Programs\MiKTeX 2.9\tex\latex\lm\t1lmvtt
.fd"
File: t1lmvtt.fd 2009/10/30 v1.6 Font defs for Latin Modern
)
("C:\Users\jason_8d4xpi7\AppData\Local\Programs\MiKTeX 2.9\tex\context\base\sup
p-pdf.mkii"
[Loading MPS to PDF converter (version 2006.09.02).]
\scratchcounter=\count314
\scratchdimen=\dimen280
\scratchbox=\box66
\nofMPsegments=\count315
\nofMParguments=\count316
\everyMPshowfont=\toks49
\MPscratchCnt=\count317
\MPscratchDim=\dimen281
\MPnumerator=\count318
\makeMPintoPDFobject=\count319
\everyMPtoPDFconversion=\toks50
)
("C:\Users\jason_8d4xpi7\AppData\Local\Programs\MiKTeX 2.9\tex\latex\oberdiek\e
pstopdf-base.sty"
Package: epstopdf-base 2016/05/15 v2.6 Base part for package epstopdf

("C:\Users\jason_8d4xpi7\AppData\Local\Programs\MiKTeX 2.9\tex\latex\oberdiek\g
rfext.sty"
Package: grfext 2016/05/16 v1.2 Manage graphics extensions (HO)
)
Package epstopdf-base Info: Redefining graphics rule for `.eps' on input line 4
38.
Package grfext Info: Graphics extension search list:
(grfext)             [.pdf,.png,.jpg,.mps,.jpeg,.jbig2,.jb2,.PDF,.PNG,.JPG,.JPE
G,.JBIG2,.JB2,.eps]
(grfext)             \AppendGraphicsExtensions on input line 456.
)
\AtBeginShipoutBox=\box67
Package hyperref Info: Link coloring ON on input line 35.

("C:\Users\jason_8d4xpi7\AppData\Local\Programs\MiKTeX 2.9\tex\latex\hyperref\n
ameref.sty"
Package: nameref 2016/05/21 v2.44 Cross-referencing by name of section

("C:\Users\jason_8d4xpi7\AppData\Local\Programs\MiKTeX 2.9\tex\generic\oberdiek
\gettitlestring.sty"
Package: gettitlestring 2016/05/16 v1.5 Cleanup title references (HO)
)
\c@section@level=\count320
)
LaTeX Info: Redefining \ref on input line 35.
LaTeX Info: Redefining \pageref on input line 35.
LaTeX Info: Redefining \nameref on input line 35.
\@outlinefile=\write4
\openout4 = `phys708lab2.out'.


("C:\Users\jason_8d4xpi7\AppData\Local\Programs\MiKTeX 2.9\tex\latex\oberdiek\p
dflscape.sty"
Package: pdflscape 2016/05/14 v0.11 Display of landscape pages in PDF (HO)

("C:\Users\jason_8d4xpi7\AppData\Local\Programs\MiKTeX 2.9\tex\latex\graphics\l
scape.sty"
Package: lscape 2000/10/22 v3.01 Landscape Pages (DPC)
)
Package pdflscape Info: Auto-detected driver: pdftex on input line 81.
) ABD: EveryShipout initializing macros
Package pgfplots notification 'compat/show suggested version=true': document ha
s been generated with the most recent feature set (\pgfplotsset{compat=1.16}).

LaTeX Font Info:    Font shape `T1/lmvtt/bx/n' in size <17.28> not available
(Font)              Font shape `T1/lmvtt/b/n' tried instead on input line 37.
LaTeX Font Info:    Font shape `T1/lmvtt/bx/n' in size <14.4> not available
(Font)              Font shape `T1/lmvtt/b/n' tried instead on input line 38.
LaTeX Font Info:    Font shape `T1/lmvtt/bx/n' in size <12> not available
(Font)              Font shape `T1/lmvtt/b/n' tried instead on input line 39.
LaTeX Font Info:    Try loading font information for OMS+lmvtt on input line 55
.
LaTeX Font Info:    No file OMSlmvtt.fd. on input line 55.

LaTeX Font Warning: Font shape `OMS/lmvtt/m/n' undefined
(Font)              using `OMS/cmsy/m/n' instead
(Font)              for symbol `textbullet' on input line 55.

LaTeX Font Info:    Try loading font information for U+msa on input line 56.

("C:\Users\jason_8d4xpi7\AppData\Local\Programs\MiKTeX 2.9\tex\latex\amsfonts\u
msa.fd"
File: umsa.fd 2013/01/14 v3.01 AMS symbols A
)
LaTeX Font Info:    Try loading font information for U+msb on input line 56.

("C:\Users\jason_8d4xpi7\AppData\Local\Programs\MiKTeX 2.9\tex\latex\amsfonts\u
msb.fd"
File: umsb.fd 2013/01/14 v3.01 AMS symbols B
)

LaTeX Warning: No positions in optional float specifier.
               Default added (so using `tbp') on input line 75.

[1

{C:/Users/jason_8d4xpi7/AppData/Local/MiKTeX/2.9/pdftex/config/pdftex.map}]
[2] [3] [4] [5] [6]

LaTeX Warning: No positions in optional float specifier.
               Default added (so using `tbp') on input line 252.

[7] [8] [9] [10] [11]

LaTeX Warning: No positions in optional float specifier.
               Default added (so using `tbp') on input line 407.

[12]
Package atveryend Info: Empty hook `BeforeClearDocument' on input line 445.
Package atveryend Info: Empty hook `AfterLastShipout' on input line 445.
 (phys708lab2.aux)
Package atveryend Info: Executing hook `AtVeryEndDocument' on input line 445.
Package atveryend Info: Executing hook `AtEndAfterFileList' on input line 445.


Package rerunfilecheck Warning: File `phys708lab2.out' has changed.
(rerunfilecheck)                Rerun to get outlines right
(rerunfilecheck)                or use package `bookmark'.

Package rerunfilecheck Info: Checksums for `phys708lab2.out':
(rerunfilecheck)             Before: <no file>
(rerunfilecheck)             After:  D41D8CD98F00B204E9800998ECF8427E;0.

LaTeX Font Warning: Some font shapes were not available, defaults substituted.

 ) 
Here is how much of TeX's memory you used:
 38031 strings out of 492946
 873153 string characters out of 3122713
 1089029 words of memory out of 3000000
 41277 multiletter control sequences out of 15000+200000
 555648 words of font info for 49 fonts, out of 3000000 for 9000
 1141 hyphenation exceptions out of 8191
 73i,10n,127p,840b,609s stack positions out of 5000i,500n,10000p,200000b,50000s
{C:/Users/jason_8d4xpi7/AppData/Local/Programs/MiKTeX 2.9/fonts/enc/dvips/lm/
lm-ec.enc}<C:/Users/jason_8d4xpi7/AppData/Local/Programs/MiKTeX 2.9/fonts/type1
/public/amsfonts/cm/cmmi12.pfb><C:/Users/jason_8d4xpi7/AppData/Local/Programs/M
iKTeX 2.9/fonts/type1/public/amsfonts/cm/cmr12.pfb><C:/Users/jason_8d4xpi7/AppD
ata/Local/Programs/MiKTeX 2.9/fonts/type1/public/amsfonts/cm/cmsy10.pfb><C:/Use
rs/jason_8d4xpi7/AppData/Local/Programs/MiKTeX 2.9/fonts/type1/public/amsfonts/
cm/cmsy8.pfb><C:/Users/jason_8d4xpi7/AppData/Local/Programs/MiKTeX 2.9/fonts/ty
pe1/public/lm/lmvtk10.pfb><C:/Users/jason_8d4xpi7/AppData/Local/Programs/MiKTeX
 2.9/fonts/type1/public/lm/lmvtt10.pfb>
Output written on phys708lab2.pdf (12 pages, 130183 bytes).
PDF statistics:
 223 PDF objects out of 1000 (max. 8388607)
 126 named destinations out of 1000 (max. 500000)
 13 words of extra memory for PDF output out of 10000 (max. 10000000)

